Using pre-set license

 COMMAND LINE ARGUMENTS:
/Applications/Unity/Hub/Editor/2020.2.3f1/Unity.app/Contents/MacOS/Unity
-adb2
-batchMode
-noUpm
-name
AssetImportWorker0
-projectPath
/Users/ryokatayama/Desktop/Unity/OriginalProjects/CheckWork2020Spring_Git/CheckWork_2020Sping
-logFile
Logs/AssetImportWorker0.log
-srvPort
56944
Successfully changed project path to: /Users/ryokatayama/Desktop/Unity/OriginalProjects/CheckWork2020Spring_Git/CheckWork_2020Sping
/Users/ryokatayama/Desktop/Unity/OriginalProjects/CheckWork2020Spring_Git/CheckWork_2020Sping
Using Asset Import Pipeline V2.
Refreshing native plugins compatible for Editor in 624.34 ms, found 2 plugins.
Preloading 0 native plugins for Editor in 0.00 ms.
Initialize engine version: 2020.2.3f1 (8ff31bc5bf5b)
[Subsystems] Discovering subsystems at path /Applications/Unity/Hub/Editor/2020.2.3f1/Unity.app/Contents/Resources/UnitySubsystems
[Subsystems] Discovering subsystems at path /Users/ryokatayama/Desktop/Unity/OriginalProjects/CheckWork2020Spring_Git/CheckWork_2020Sping/Assets
GfxDevice: creating device client; threaded=0
2021-05-28 21:36:56.139 Unity[61760:19051455] Color LCD preferred device: Intel(R) Iris(TM) Graphics 6000 (low power)
2021-05-28 21:36:56.139 Unity[61760:19051455] Metal devices available: 1
2021-05-28 21:36:56.139 Unity[61760:19051455] 0: Intel(R) Iris(TM) Graphics 6000 (low power)
2021-05-28 21:36:56.146 Unity[61760:19051455] Using device Intel(R) Iris(TM) Graphics 6000 (low power)
Initializing Metal device caps: Intel(R) Iris(TM) Graphics 6000
Initialize mono
Mono path[0] = '/Applications/Unity/Hub/Editor/2020.2.3f1/Unity.app/Contents/Managed'
Mono path[1] = '/Applications/Unity/Hub/Editor/2020.2.3f1/Unity.app/Contents/MonoBleedingEdge/lib/mono/unityjit'
Mono config path = '/Applications/Unity/Hub/Editor/2020.2.3f1/Unity.app/Contents/MonoBleedingEdge/etc'
Using monoOptions --debugger-agent=transport=dt_socket,embedding=1,server=y,suspend=n,address=127.0.0.1:56760
Begin MonoManager ReloadAssembly
Registering precompiled unity dll's ...
Register platform support module: /Applications/Unity/Hub/Editor/2020.2.3f1/Unity.app/Contents/PlaybackEngines/MacStandaloneSupport/UnityEditor.OSXStandalone.Extensions.dll
Registered in 0.030531 seconds.
Native extension for OSXStandalone target not found
Refreshing native plugins compatible for Editor in 215.56 ms, found 2 plugins.
Preloading 0 native plugins for Editor in 0.00 ms.
Invoked RoslynAnalysisRunner static constructor.
RoslynAnalysisRunner will not be running.
RoslynAnalysisRunner has terminated.
Mono: successfully reloaded assembly
- Completed reload, in 17.244 seconds
Platform modules already initialized, skipping
Registering precompiled user dll's ...
Registered in 0.030481 seconds.
Begin MonoManager ReloadAssembly
Native extension for OSXStandalone target not found
Refreshing native plugins compatible for Editor in 0.86 ms, found 2 plugins.
Preloading 0 native plugins for Editor in 0.00 ms.
Invoked RoslynAnalysisRunner static constructor.
RoslynAnalysisRunner will not be running.
RoslynAnalysisRunner has terminated.
Mono: successfully reloaded assembly
- Completed reload, in  2.801 seconds
Platform modules already initialized, skipping
========================================================================
Worker process is ready to serve import requests
Launching external process: /Applications/Unity/Hub/Editor/2020.2.3f1/Unity.app/Contents/Tools/UnityShaderCompiler
Launched and connected shader compiler UnityShaderCompiler after 0.04 seconds
Refreshing native plugins compatible for Editor in 0.54 ms, found 2 plugins.
Preloading 0 native plugins for Editor in 0.00 ms.
Unloading 1502 Unused Serialized files (Serialized files now loaded: 0)
System memory in use before: 121.3 MB.
System memory in use after: 121.4 MB.

Unloading 37 unused Assets to reduce memory usage. Loaded Objects now: 1927.
Total: 5.973633 ms (FindLiveObjects: 2.503536 ms CreateObjectMapping: 0.557022 ms MarkObjects: 2.807642 ms  DeleteObjects: 0.103027 ms)

========================================================================
Received Import Request.
  path: Assets/Main.unity
  artifactKey: Guid(94febdc1cc1134036ae47ca71767db6b) Importer(815301076,1909f56bfc062723c751e8b465ee728b)
Start importing Assets/Main.unity using Guid(94febdc1cc1134036ae47ca71767db6b) Importer(815301076,1909f56bfc062723c751e8b465ee728b)  -> (artifact id: '9b4739b67656371eb900fe1a19b3f331') in 0.031468 seconds
  Import took 0.036035 seconds .

========================================================================
Received Import Request.
  Time since last request: 0.036812 seconds.
  path: Assets/Main.unity
  artifactKey: Guid(94febdc1cc1134036ae47ca71767db6b) Importer(815301076,1909f56bfc062723c751e8b465ee728b)
Start importing Assets/Main.unity using Guid(94febdc1cc1134036ae47ca71767db6b) Importer(815301076,1909f56bfc062723c751e8b465ee728b)  -> (artifact id: '9b4739b67656371eb900fe1a19b3f331') in 0.004866 seconds
  Import took 0.010058 seconds .

========================================================================
Received Import Request.
  Time since last request: 23.563049 seconds.
  path: Assets/Player.cs
  artifactKey: Guid(1ab5c9d3036e942468909d0b0b9097e5) Importer(815301076,1909f56bfc062723c751e8b465ee728b)
Start importing Assets/Player.cs using Guid(1ab5c9d3036e942468909d0b0b9097e5) Importer(815301076,1909f56bfc062723c751e8b465ee728b)  -> (artifact id: '32ec8d2e7f0cd7335651bf65b5a2444e') in 1.235806 seconds
  Import took 1.240877 seconds .

========================================================================
Received Import Request.
  Time since last request: 1.610755 seconds.
  path: Assets/Player_Idle.anim
  artifactKey: Guid(bbbb0ad2fbeed472097ed2a032a4f0f9) Importer(815301076,1909f56bfc062723c751e8b465ee728b)
Start importing Assets/Player_Idle.anim using Guid(bbbb0ad2fbeed472097ed2a032a4f0f9) Importer(815301076,1909f56bfc062723c751e8b465ee728b)  -> (artifact id: 'bfced3ca009b1c1f0097a710b33b3da9') in 0.763744 seconds
  Import took 0.769238 seconds .

========================================================================
Received Prepare
Registering precompiled user dll's ...
Registered in 0.032313 seconds.
Begin MonoManager ReloadAssembly
Native extension for OSXStandalone target not found
Refreshing native plugins compatible for Editor in 0.97 ms, found 2 plugins.
Preloading 0 native plugins for Editor in 0.00 ms.
Invoked RoslynAnalysisRunner static constructor.
RoslynAnalysisRunner will not be running.
RoslynAnalysisRunner has terminated.
Mono: successfully reloaded assembly
- Completed reload, in  3.680 seconds
Platform modules already initialized, skipping
Refreshing native plugins compatible for Editor in 0.63 ms, found 2 plugins.
Preloading 0 native plugins for Editor in 0.00 ms.
Unloading 1492 Unused Serialized files (Serialized files now loaded: 0)
System memory in use before: 129.8 MB.
System memory in use after: 129.8 MB.

Unloading 28 unused Assets to reduce memory usage. Loaded Objects now: 1929.
Total: 2.662323 ms (FindLiveObjects: 0.256619 ms CreateObjectMapping: 0.055711 ms MarkObjects: 2.313478 ms  DeleteObjects: 0.034370 ms)

